{"D:\\Uni\\SWE40006-Final-Project\\server\\app.js": {"path":"D:\\Uni\\SWE40006-Final-Project\\server\\app.js","statementMap":{"0":{"start":{"line":8,"column":18},"end":{"line":8,"column":62}},"1":{"start":{"line":9,"column":12},"end":{"line":9,"column":21}},"2":{"start":{"line":11,"column":0},"end":{"line":11,"column":16}},"3":{"start":{"line":12,"column":0},"end":{"line":12,"column":24}},"4":{"start":{"line":15,"column":0},"end":{"line":15,"column":28}},"5":{"start":{"line":18,"column":19},"end":{"line":24,"column":2}},"6":{"start":{"line":26,"column":0},"end":{"line":26,"column":36}},"7":{"start":{"line":29,"column":23},"end":{"line":29,"column":67}},"8":{"start":{"line":30,"column":0},"end":{"line":30,"column":40}},"9":{"start":{"line":33,"column":0},"end":{"line":35,"column":3}},"10":{"start":{"line":34,"column":2},"end":{"line":34,"column":56}},"11":{"start":{"line":38,"column":0},"end":{"line":41,"column":3}},"12":{"start":{"line":39,"column":2},"end":{"line":39,"column":27}},"13":{"start":{"line":40,"column":2},"end":{"line":40,"column":134}}},"fnMap":{"0":{"name":"(anonymous_0)","decl":{"start":{"line":33,"column":13},"end":{"line":33,"column":14}},"loc":{"start":{"line":33,"column":27},"end":{"line":35,"column":1}},"line":33},"1":{"name":"(anonymous_1)","decl":{"start":{"line":38,"column":8},"end":{"line":38,"column":9}},"loc":{"start":{"line":38,"column":33},"end":{"line":41,"column":1}},"line":38}},"branchMap":{"0":{"loc":{"start":{"line":40,"column":66},"end":{"line":40,"column":130}},"type":"cond-expr","locations":[{"start":{"line":40,"column":107},"end":{"line":40,"column":118}},{"start":{"line":40,"column":121},"end":{"line":40,"column":130}}],"line":40}},"s":{"0":1,"1":1,"2":1,"3":1,"4":1,"5":1,"6":1,"7":1,"8":1,"9":1,"10":0,"11":1,"12":0,"13":0},"f":{"0":0,"1":0},"b":{"0":[0,0]},"_coverageSchema":"1a1c01bbd47fc00a2c39e90264f33305004495a9","hash":"e54d84e126852750a4193d0d2f5118351c15427c"}
,"D:\\Uni\\SWE40006-Final-Project\\server\\routes.js": {"path":"D:\\Uni\\SWE40006-Final-Project\\server\\routes.js","statementMap":{"0":{"start":{"line":4,"column":15},"end":{"line":4,"column":31}},"1":{"start":{"line":8,"column":0},"end":{"line":11,"column":3}},"2":{"start":{"line":9,"column":2},"end":{"line":10,"column":43}},"3":{"start":{"line":9,"column":8},"end":{"line":9,"column":18}},"4":{"start":{"line":9,"column":19},"end":{"line":9,"column":49}},"5":{"start":{"line":10,"column":10},"end":{"line":10,"column":41}},"6":{"start":{"line":13,"column":0},"end":{"line":25,"column":3}},"7":{"start":{"line":14,"column":14},"end":{"line":14,"column":35}},"8":{"start":{"line":15,"column":2},"end":{"line":24,"column":5}},"9":{"start":{"line":27,"column":0},"end":{"line":58,"column":3}},"10":{"start":{"line":28,"column":2},"end":{"line":57,"column":65}},"11":{"start":{"line":29,"column":17},"end":{"line":29,"column":26}},"12":{"start":{"line":30,"column":79},"end":{"line":30,"column":88}},"13":{"start":{"line":31,"column":16},"end":{"line":31,"column":126}},"14":{"start":{"line":32,"column":19},"end":{"line":32,"column":21}},"15":{"start":{"line":34,"column":4},"end":{"line":34,"column":88}},"16":{"start":{"line":34,"column":20},"end":{"line":34,"column":42}},"17":{"start":{"line":34,"column":43},"end":{"line":34,"column":86}},"18":{"start":{"line":35,"column":4},"end":{"line":35,"column":95}},"19":{"start":{"line":35,"column":18},"end":{"line":35,"column":45}},"20":{"start":{"line":35,"column":46},"end":{"line":35,"column":93}},"21":{"start":{"line":36,"column":4},"end":{"line":36,"column":100}},"22":{"start":{"line":36,"column":21},"end":{"line":36,"column":52}},"23":{"start":{"line":36,"column":53},"end":{"line":36,"column":98}},"24":{"start":{"line":37,"column":4},"end":{"line":37,"column":100}},"25":{"start":{"line":37,"column":21},"end":{"line":37,"column":52}},"26":{"start":{"line":37,"column":53},"end":{"line":37,"column":98}},"27":{"start":{"line":38,"column":4},"end":{"line":38,"column":95}},"28":{"start":{"line":38,"column":18},"end":{"line":38,"column":46}},"29":{"start":{"line":38,"column":47},"end":{"line":38,"column":93}},"30":{"start":{"line":39,"column":4},"end":{"line":39,"column":61}},"31":{"start":{"line":39,"column":31},"end":{"line":39,"column":59}},"32":{"start":{"line":42,"column":18},"end":{"line":42,"column":57}},"33":{"start":{"line":43,"column":4},"end":{"line":52,"column":5}},"34":{"start":{"line":44,"column":6},"end":{"line":51,"column":7}},"35":{"start":{"line":45,"column":26},"end":{"line":45,"column":60}},"36":{"start":{"line":45,"column":61},"end":{"line":45,"column":67}},"37":{"start":{"line":46,"column":27},"end":{"line":46,"column":62}},"38":{"start":{"line":46,"column":63},"end":{"line":46,"column":69}},"39":{"start":{"line":47,"column":23},"end":{"line":47,"column":80}},"40":{"start":{"line":47,"column":81},"end":{"line":47,"column":87}},"41":{"start":{"line":48,"column":23},"end":{"line":48,"column":63}},"42":{"start":{"line":48,"column":64},"end":{"line":48,"column":70}},"43":{"start":{"line":49,"column":29},"end":{"line":49,"column":86}},"44":{"start":{"line":49,"column":87},"end":{"line":49,"column":93}},"45":{"start":{"line":50,"column":17},"end":{"line":50,"column":67}},"46":{"start":{"line":53,"column":4},"end":{"line":53,"column":36}},"47":{"start":{"line":55,"column":19},"end":{"line":55,"column":50}},"48":{"start":{"line":56,"column":4},"end":{"line":56,"column":26}},"49":{"start":{"line":57,"column":18},"end":{"line":57,"column":63}},"50":{"start":{"line":60,"column":0},"end":{"line":67,"column":3}},"51":{"start":{"line":61,"column":2},"end":{"line":66,"column":65}},"52":{"start":{"line":62,"column":17},"end":{"line":62,"column":26}},"53":{"start":{"line":63,"column":14},"end":{"line":63,"column":165}},"54":{"start":{"line":64,"column":4},"end":{"line":64,"column":76}},"55":{"start":{"line":64,"column":24},"end":{"line":64,"column":76}},"56":{"start":{"line":65,"column":4},"end":{"line":65,"column":24}},"57":{"start":{"line":66,"column":18},"end":{"line":66,"column":63}},"58":{"start":{"line":69,"column":0},"end":{"line":75,"column":3}},"59":{"start":{"line":70,"column":2},"end":{"line":74,"column":65}},"60":{"start":{"line":71,"column":17},"end":{"line":71,"column":26}},"61":{"start":{"line":72,"column":14},"end":{"line":72,"column":172}},"62":{"start":{"line":73,"column":4},"end":{"line":73,"column":21}},"63":{"start":{"line":74,"column":18},"end":{"line":74,"column":63}},"64":{"start":{"line":77,"column":0},"end":{"line":99,"column":3}},"65":{"start":{"line":78,"column":89},"end":{"line":78,"column":97}},"66":{"start":{"line":79,"column":2},"end":{"line":79,"column":88}},"67":{"start":{"line":79,"column":31},"end":{"line":79,"column":88}},"68":{"start":{"line":80,"column":2},"end":{"line":80,"column":108}},"69":{"start":{"line":80,"column":40},"end":{"line":80,"column":108}},"70":{"start":{"line":81,"column":15},"end":{"line":81,"column":24}},"71":{"start":{"line":82,"column":17},"end":{"line":82,"column":37}},"72":{"start":{"line":83,"column":2},"end":{"line":98,"column":33}},"73":{"start":{"line":84,"column":4},"end":{"line":84,"column":32}},"74":{"start":{"line":85,"column":21},"end":{"line":88,"column":5}},"75":{"start":{"line":89,"column":18},"end":{"line":89,"column":34}},"76":{"start":{"line":90,"column":4},"end":{"line":92,"column":5}},"77":{"start":{"line":91,"column":6},"end":{"line":91,"column":169}},"78":{"start":{"line":93,"column":4},"end":{"line":93,"column":33}},"79":{"start":{"line":94,"column":4},"end":{"line":94,"column":52}},"80":{"start":{"line":96,"column":4},"end":{"line":96,"column":35}},"81":{"start":{"line":97,"column":4},"end":{"line":97,"column":49}},"82":{"start":{"line":98,"column":14},"end":{"line":98,"column":31}},"83":{"start":{"line":101,"column":0},"end":{"line":112,"column":3}},"84":{"start":{"line":102,"column":24},"end":{"line":102,"column":33}},"85":{"start":{"line":103,"column":2},"end":{"line":103,"column":83}},"86":{"start":{"line":103,"column":21},"end":{"line":103,"column":83}},"87":{"start":{"line":104,"column":2},"end":{"line":111,"column":65}},"88":{"start":{"line":105,"column":17},"end":{"line":105,"column":26}},"89":{"start":{"line":106,"column":14},"end":{"line":106,"column":102}},"90":{"start":{"line":107,"column":4},"end":{"line":107,"column":90}},"91":{"start":{"line":107,"column":24},"end":{"line":107,"column":90}},"92":{"start":{"line":108,"column":18},"end":{"line":108,"column":27}},"93":{"start":{"line":109,"column":18},"end":{"line":109,"column":165}},"94":{"start":{"line":110,"column":4},"end":{"line":110,"column":46}},"95":{"start":{"line":111,"column":18},"end":{"line":111,"column":63}}},"fnMap":{"0":{"name":"(anonymous_0)","decl":{"start":{"line":8,"column":25},"end":{"line":8,"column":26}},"loc":{"start":{"line":8,"column":39},"end":{"line":11,"column":1}},"line":8},"1":{"name":"(anonymous_1)","decl":{"start":{"line":13,"column":22},"end":{"line":13,"column":23}},"loc":{"start":{"line":13,"column":36},"end":{"line":25,"column":1}},"line":13},"2":{"name":"(anonymous_2)","decl":{"start":{"line":27,"column":24},"end":{"line":27,"column":25}},"loc":{"start":{"line":27,"column":44},"end":{"line":58,"column":1}},"line":27},"3":{"name":"(anonymous_3)","decl":{"start":{"line":60,"column":28},"end":{"line":60,"column":29}},"loc":{"start":{"line":60,"column":48},"end":{"line":67,"column":1}},"line":60},"4":{"name":"(anonymous_4)","decl":{"start":{"line":69,"column":26},"end":{"line":69,"column":27}},"loc":{"start":{"line":69,"column":46},"end":{"line":75,"column":1}},"line":69},"5":{"name":"(anonymous_5)","decl":{"start":{"line":77,"column":23},"end":{"line":77,"column":24}},"loc":{"start":{"line":77,"column":43},"end":{"line":99,"column":1}},"line":77},"6":{"name":"(anonymous_6)","decl":{"start":{"line":101,"column":29},"end":{"line":101,"column":30}},"loc":{"start":{"line":101,"column":49},"end":{"line":112,"column":1}},"line":101}},"branchMap":{"0":{"loc":{"start":{"line":34,"column":4},"end":{"line":34,"column":88}},"type":"if","locations":[{"start":{"line":34,"column":4},"end":{"line":34,"column":88}},{"start":{},"end":{}}],"line":34},"1":{"loc":{"start":{"line":35,"column":4},"end":{"line":35,"column":95}},"type":"if","locations":[{"start":{"line":35,"column":4},"end":{"line":35,"column":95}},{"start":{},"end":{}}],"line":35},"2":{"loc":{"start":{"line":36,"column":4},"end":{"line":36,"column":100}},"type":"if","locations":[{"start":{"line":36,"column":4},"end":{"line":36,"column":100}},{"start":{},"end":{}}],"line":36},"3":{"loc":{"start":{"line":37,"column":4},"end":{"line":37,"column":100}},"type":"if","locations":[{"start":{"line":37,"column":4},"end":{"line":37,"column":100}},{"start":{},"end":{}}],"line":37},"4":{"loc":{"start":{"line":38,"column":4},"end":{"line":38,"column":95}},"type":"if","locations":[{"start":{"line":38,"column":4},"end":{"line":38,"column":95}},{"start":{},"end":{}}],"line":38},"5":{"loc":{"start":{"line":39,"column":4},"end":{"line":39,"column":61}},"type":"if","locations":[{"start":{"line":39,"column":4},"end":{"line":39,"column":61}},{"start":{},"end":{}}],"line":39},"6":{"loc":{"start":{"line":43,"column":4},"end":{"line":52,"column":5}},"type":"if","locations":[{"start":{"line":43,"column":4},"end":{"line":52,"column":5}},{"start":{},"end":{}}],"line":43},"7":{"loc":{"start":{"line":44,"column":6},"end":{"line":51,"column":7}},"type":"switch","locations":[{"start":{"line":45,"column":8},"end":{"line":45,"column":67}},{"start":{"line":46,"column":8},"end":{"line":46,"column":69}},{"start":{"line":47,"column":8},"end":{"line":47,"column":87}},{"start":{"line":48,"column":8},"end":{"line":48,"column":70}},{"start":{"line":49,"column":8},"end":{"line":49,"column":93}},{"start":{"line":50,"column":8},"end":{"line":50,"column":67}}],"line":44},"8":{"loc":{"start":{"line":64,"column":4},"end":{"line":64,"column":76}},"type":"if","locations":[{"start":{"line":64,"column":4},"end":{"line":64,"column":76}},{"start":{},"end":{}}],"line":64},"9":{"loc":{"start":{"line":79,"column":2},"end":{"line":79,"column":88}},"type":"if","locations":[{"start":{"line":79,"column":2},"end":{"line":79,"column":88}},{"start":{},"end":{}}],"line":79},"10":{"loc":{"start":{"line":79,"column":6},"end":{"line":79,"column":29}},"type":"binary-expr","locations":[{"start":{"line":79,"column":6},"end":{"line":79,"column":12}},{"start":{"line":79,"column":16},"end":{"line":79,"column":29}}],"line":79},"11":{"loc":{"start":{"line":80,"column":2},"end":{"line":80,"column":108}},"type":"if","locations":[{"start":{"line":80,"column":2},"end":{"line":80,"column":108}},{"start":{},"end":{}}],"line":80},"12":{"loc":{"start":{"line":80,"column":6},"end":{"line":80,"column":38}},"type":"binary-expr","locations":[{"start":{"line":80,"column":6},"end":{"line":80,"column":17}},{"start":{"line":80,"column":21},"end":{"line":80,"column":38}}],"line":80},"13":{"loc":{"start":{"line":87,"column":19},"end":{"line":87,"column":38}},"type":"binary-expr","locations":[{"start":{"line":87,"column":19},"end":{"line":87,"column":30}},{"start":{"line":87,"column":34},"end":{"line":87,"column":38}}],"line":87},"14":{"loc":{"start":{"line":87,"column":40},"end":{"line":87,"column":59}},"type":"binary-expr","locations":[{"start":{"line":87,"column":40},"end":{"line":87,"column":51}},{"start":{"line":87,"column":55},"end":{"line":87,"column":59}}],"line":87},"15":{"loc":{"start":{"line":87,"column":79},"end":{"line":87,"column":91}},"type":"binary-expr","locations":[{"start":{"line":87,"column":79},"end":{"line":87,"column":83}},{"start":{"line":87,"column":87},"end":{"line":87,"column":91}}],"line":87},"16":{"loc":{"start":{"line":103,"column":2},"end":{"line":103,"column":83}},"type":"if","locations":[{"start":{"line":103,"column":2},"end":{"line":103,"column":83}},{"start":{},"end":{}}],"line":103},"17":{"loc":{"start":{"line":103,"column":6},"end":{"line":103,"column":19}},"type":"binary-expr","locations":[{"start":{"line":103,"column":6},"end":{"line":103,"column":9}},{"start":{"line":103,"column":13},"end":{"line":103,"column":19}}],"line":103},"18":{"loc":{"start":{"line":107,"column":4},"end":{"line":107,"column":90}},"type":"if","locations":[{"start":{"line":107,"column":4},"end":{"line":107,"column":90}},{"start":{},"end":{}}],"line":107}},"s":{"0":1,"1":1,"2":0,"3":0,"4":0,"5":0,"6":1,"7":0,"8":0,"9":1,"10":5,"11":5,"12":5,"13":5,"14":5,"15":5,"16":1,"17":1,"18":5,"19":1,"20":1,"21":5,"22":0,"23":0,"24":5,"25":0,"26":0,"27":5,"28":0,"29":0,"30":5,"31":0,"32":5,"33":5,"34":0,"35":0,"36":0,"37":0,"38":0,"39":0,"40":0,"41":0,"42":0,"43":0,"44":0,"45":0,"46":5,"47":5,"48":5,"49":0,"50":1,"51":2,"52":2,"53":2,"54":2,"55":1,"56":1,"57":0,"58":1,"59":1,"60":1,"61":1,"62":1,"63":0,"64":1,"65":4,"66":4,"67":1,"68":3,"69":2,"70":1,"71":1,"72":1,"73":1,"74":1,"75":1,"76":1,"77":1,"78":1,"79":1,"80":0,"81":0,"82":1,"83":1,"84":3,"85":3,"86":2,"87":1,"88":1,"89":1,"90":1,"91":0,"92":1,"93":1,"94":1,"95":0},"f":{"0":0,"1":0,"2":5,"3":2,"4":1,"5":4,"6":3},"b":{"0":[1,4],"1":[1,4],"2":[0,5],"3":[0,5],"4":[0,5],"5":[0,5],"6":[0,5],"7":[0,0,0,0,0,0],"8":[1,1],"9":[1,3],"10":[4,4],"11":[2,1],"12":[3,2],"13":[1,0],"14":[1,1],"15":[1,1],"16":[2,1],"17":[3,2],"18":[0,1]},"_coverageSchema":"1a1c01bbd47fc00a2c39e90264f33305004495a9","hash":"8b3be7a86e722cc552b3e8858937a39db9957b6a"}
}
