TN:
SF:server\app.js
FN:33,(anonymous_0)
FN:38,(anonymous_1)
FNF:2
FNH:0
FNDA:0,(anonymous_0)
FNDA:0,(anonymous_1)
DA:8,1
DA:9,1
DA:11,1
DA:12,1
DA:15,1
DA:18,1
DA:26,1
DA:29,1
DA:30,1
DA:33,1
DA:34,0
DA:38,1
DA:39,0
DA:40,0
LF:14
LH:11
BRDA:40,0,0,0
BRDA:40,0,1,0
BRF:2
BRH:0
end_of_record
TN:
SF:server\routes.js
FN:8,(anonymous_0)
FN:13,(anonymous_1)
FN:27,(anonymous_2)
FN:60,(anonymous_3)
FN:69,(anonymous_4)
FN:77,(anonymous_5)
FN:101,(anonymous_6)
FNF:7
FNH:5
FNDA:0,(anonymous_0)
FNDA:0,(anonymous_1)
FNDA:5,(anonymous_2)
FNDA:2,(anonymous_3)
FNDA:1,(anonymous_4)
FNDA:4,(anonymous_5)
FNDA:3,(anonymous_6)
DA:4,1
DA:8,1
DA:9,0
DA:10,0
DA:13,1
DA:14,0
DA:15,0
DA:27,1
DA:28,5
DA:29,5
DA:30,5
DA:31,5
DA:32,5
DA:34,5
DA:35,5
DA:36,5
DA:37,5
DA:38,5
DA:39,5
DA:42,5
DA:43,5
DA:44,0
DA:45,0
DA:46,0
DA:47,0
DA:48,0
DA:49,0
DA:50,0
DA:53,5
DA:55,5
DA:56,5
DA:57,0
DA:60,1
DA:61,2
DA:62,2
DA:63,2
DA:64,2
DA:65,1
DA:66,0
DA:69,1
DA:70,1
DA:71,1
DA:72,1
DA:73,1
DA:74,0
DA:77,1
DA:78,4
DA:79,4
DA:80,3
DA:81,1
DA:82,1
DA:83,1
DA:84,1
DA:85,1
DA:89,1
DA:90,1
DA:91,1
DA:93,1
DA:94,1
DA:96,0
DA:97,0
DA:98,1
DA:101,1
DA:102,3
DA:103,3
DA:104,1
DA:105,1
DA:106,1
DA:107,1
DA:108,1
DA:109,1
DA:110,1
DA:111,0
LF:73
LH:56
BRDA:34,0,0,1
BRDA:34,0,1,4
BRDA:35,1,0,1
BRDA:35,1,1,4
BRDA:36,2,0,0
BRDA:36,2,1,5
BRDA:37,3,0,0
BRDA:37,3,1,5
BRDA:38,4,0,0
BRDA:38,4,1,5
BRDA:39,5,0,0
BRDA:39,5,1,5
BRDA:43,6,0,0
BRDA:43,6,1,5
BRDA:44,7,0,0
BRDA:44,7,1,0
BRDA:44,7,2,0
BRDA:44,7,3,0
BRDA:44,7,4,0
BRDA:44,7,5,0
BRDA:64,8,0,1
BRDA:64,8,1,1
BRDA:79,9,0,1
BRDA:79,9,1,3
BRDA:79,10,0,4
BRDA:79,10,1,4
BRDA:80,11,0,2
BRDA:80,11,1,1
BRDA:80,12,0,3
BRDA:80,12,1,2
BRDA:87,13,0,1
BRDA:87,13,1,0
BRDA:87,14,0,1
BRDA:87,14,1,1
BRDA:87,15,0,1
BRDA:87,15,1,1
BRDA:103,16,0,2
BRDA:103,16,1,1
BRDA:103,17,0,3
BRDA:103,17,1,2
BRDA:107,18,0,0
BRDA:107,18,1,1
BRF:42
BRH:29
end_of_record
