TN:
SF:server\app.js
FN:33,(anonymous_0)
FN:38,(anonymous_1)
FNF:2
FNH:0
FNDA:0,(anonymous_0)
FNDA:0,(anonymous_1)
DA:8,1
DA:9,1
DA:11,1
DA:12,1
DA:15,1
DA:18,1
DA:26,1
DA:29,1
DA:30,1
DA:33,1
DA:34,0
DA:38,1
DA:39,0
DA:40,0
LF:14
LH:11
BRDA:40,0,0,0
BRDA:40,0,1,0
BRF:2
BRH:0
end_of_record
TN:
SF:server\routes.js
FN:8,(anonymous_0)
FN:13,(anonymous_1)
FN:27,(anonymous_2)
FN:60,(anonymous_3)
FN:69,(anonymous_4)
FN:77,(anonymous_5)
FN:101,(anonymous_6)
FNF:7
FNH:7
FNDA:1,(anonymous_0)
FNDA:1,(anonymous_1)
FNDA:13,(anonymous_2)
FNDA:3,(anonymous_3)
FNDA:1,(anonymous_4)
FNDA:5,(anonymous_5)
FNDA:5,(anonymous_6)
DA:4,1
DA:8,1
DA:9,1
DA:10,0
DA:13,1
DA:14,1
DA:15,1
DA:27,1
DA:28,13
DA:29,13
DA:30,13
DA:31,13
DA:32,13
DA:34,13
DA:35,13
DA:36,13
DA:37,13
DA:38,13
DA:39,13
DA:42,13
DA:43,13
DA:44,6
DA:45,1
DA:46,1
DA:47,1
DA:48,1
DA:49,1
DA:50,1
DA:53,13
DA:55,13
DA:56,12
DA:57,1
DA:60,1
DA:61,3
DA:62,3
DA:63,3
DA:64,2
DA:65,1
DA:66,1
DA:69,1
DA:70,1
DA:71,1
DA:72,1
DA:73,1
DA:74,0
DA:77,1
DA:78,5
DA:79,5
DA:80,4
DA:81,2
DA:82,2
DA:83,2
DA:84,2
DA:85,2
DA:89,1
DA:90,1
DA:91,1
DA:93,1
DA:94,1
DA:96,1
DA:97,1
DA:98,2
DA:101,1
DA:102,5
DA:103,5
DA:104,3
DA:105,3
DA:106,3
DA:107,2
DA:108,1
DA:109,1
DA:110,1
DA:111,1
LF:73
LH:71
BRDA:34,0,0,1
BRDA:34,0,1,12
BRDA:35,1,0,2
BRDA:35,1,1,11
BRDA:36,2,0,1
BRDA:36,2,1,12
BRDA:37,3,0,1
BRDA:37,3,1,12
BRDA:38,4,0,1
BRDA:38,4,1,12
BRDA:39,5,0,1
BRDA:39,5,1,12
BRDA:43,6,0,6
BRDA:43,6,1,7
BRDA:44,7,0,1
BRDA:44,7,1,1
BRDA:44,7,2,1
BRDA:44,7,3,1
BRDA:44,7,4,1
BRDA:44,7,5,1
BRDA:64,8,0,1
BRDA:64,8,1,1
BRDA:79,9,0,1
BRDA:79,9,1,4
BRDA:79,10,0,5
BRDA:79,10,1,5
BRDA:80,11,0,2
BRDA:80,11,1,2
BRDA:80,12,0,4
BRDA:80,12,1,3
BRDA:87,13,0,2
BRDA:87,13,1,1
BRDA:87,14,0,2
BRDA:87,14,1,2
BRDA:87,15,0,2
BRDA:87,15,1,2
BRDA:103,16,0,2
BRDA:103,16,1,3
BRDA:103,17,0,5
BRDA:103,17,1,4
BRDA:107,18,0,1
BRDA:107,18,1,1
BRF:42
BRH:42
end_of_record
